<?xml version="1.0" encoding="UTF-8"?>
<testsuite name="PermissionManagerTest" tests="2" skipped="0" failures="0" errors="0" timestamp="2021-10-11T18:02:47" hostname="LAPTOP-GV0F12EF" time="0.023">
  <properties/>
  <testcase name="test_getter()" classname="PermissionManagerTest" time="0.021"/>
  <testcase name="test_setter()" classname="PermissionManagerTest" time="0.001"/>
  <system-out><![CDATA[]]></system-out>
  <system-err><![CDATA[]]></system-err>
</testsuite>
