<?xml version="1.0" encoding="UTF-8"?>
<testsuite name="ClassroomTest" tests="5" skipped="0" failures="0" errors="0" timestamp="2021-10-14T15:57:19" hostname="LAPTOP-GV0F12EF" time="0.038">
  <properties/>
  <testcase name="test_diagonal()" classname="ClassroomTest" time="0.033"/>
  <testcase name="test_area()" classname="ClassroomTest" time="0.0"/>
  <testcase name="test_volume()" classname="ClassroomTest" time="0.0"/>
  <testcase name="test_student_per_m_squared()" classname="ClassroomTest" time="0.001"/>
  <testcase name="test_course_name()" classname="ClassroomTest" time="0.001"/>
  <system-out><![CDATA[]]></system-out>
  <system-err><![CDATA[]]></system-err>
</testsuite>
