<?xml version="1.0" encoding="UTF-8"?>
<testsuite name="ClassroomTest" tests="5" skipped="0" failures="0" errors="0" timestamp="2021-10-14T19:43:46" hostname="LAPTOP-GV0F12EF" time="0.063">
  <properties/>
  <testcase name="test_class_name()" classname="ClassroomTest" time="0.053"/>
  <testcase name="test_diagonal()" classname="ClassroomTest" time="0.001"/>
  <testcase name="test_area()" classname="ClassroomTest" time="0.001"/>
  <testcase name="test_volume()" classname="ClassroomTest" time="0.002"/>
  <testcase name="test_student_per_m_squared()" classname="ClassroomTest" time="0.001"/>
  <system-out><![CDATA[]]></system-out>
  <system-err><![CDATA[]]></system-err>
</testsuite>
